# JRE version: Java(TM) SE Runtime Environment (8.0_181-b13) (build 1.8.0_181-b13)
# Java VM: Java HotSpot(TM) 64-Bit Server VM (25.181-b13 mixed mode linux-amd64 compressed oops)
Heap:
 PSYoungGen      total 2345984K, used 315375K [0x000000066ab00000, 0x000000070ec80000, 0x00000007c0000000)
  eden space 2030592K, 0% used [0x000000066ab00000,0x000000066ab00000,0x00000006e6a00000)
  from space 315392K, 99% used [0x00000006e6a00000,0x00000006f9dfbeb0,0x00000006f9e00000)
  to   space 309248K, 0% used [0x00000006f9e00000,0x00000006f9e00000,0x000000070cc00000)
 ParOldGen       total 773632K, used 522429K [0x00000003c0000000, 0x00000003ef380000, 0x000000066ab00000)
  object space 773632K, 67% used [0x00000003c0000000,0x00000003dfe2f6a8,0x00000003ef380000)
 Metaspace       used 107615K, capacity 111298K, committed 112000K, reserved 1146880K
  class space    used 13486K, capacity 14295K, committed 14464K, reserved 1048576K
GC Heap History (10 events):
Event: 5296.191 GC heap after
Heap after GC invocations=48 (full 7):
 PSYoungGen      total 2017792K, used 89855K [0x000000066ab00000, 0x00000006f6c00000, 0x00000007c0000000)
  eden space 1832448K, 0% used [0x000000066ab00000,0x000000066ab00000,0x00000006da880000)
  from space 185344K, 48% used [0x00000006da880000,0x00000006e003fc58,0x00000006e5d80000)
  to   space 178688K, 0% used [0x00000006ebd80000,0x00000006ebd80000,0x00000006f6c00000)
 ParOldGen       total 1022464K, used 738771K [0x00000003c0000000, 0x00000003fe680000, 0x000000066ab00000)
  object space 1022464K, 72% used [0x00000003c0000000,0x00000003ed174cc0,0x00000003fe680000)
 Metaspace       used 107681K, capacity 111492K, committed 112000K, reserved 1146880K
  class space    used 13510K, capacity 14338K, committed 14464K, reserved 1048576K
}
Event: 5305.342 GC heap before
{Heap before GC invocations=49 (full 7):
 PSYoungGen      total 2017792K, used 1922303K [0x000000066ab00000, 0x00000006f6c00000, 0x00000007c0000000)
  eden space 1832448K, 100% used [0x000000066ab00000,0x00000006da880000,0x00000006da880000)
  from space 185344K, 48% used [0x00000006da880000,0x00000006e003fc58,0x00000006e5d80000)
  to   space 178688K, 0% used [0x00000006ebd80000,0x00000006ebd80000,0x00000006f6c00000)
 ParOldGen       total 1022464K, used 738771K [0x00000003c0000000, 0x00000003fe680000, 0x000000066ab00000)
  object space 1022464K, 72% used [0x00000003c0000000,0x00000003ed174cc0,0x00000003fe680000)
 Metaspace       used 107687K, capacity 111492K, committed 112000K, reserved 1146880K
  class space    used 13511K, capacity 14338K, committed 14464K, reserved 1048576K
Event: 5305.759 GC heap after
Heap after GC invocations=49 (full 7):
 PSYoungGen      total 2076160K, used 178676K [0x000000066ab00000, 0x00000006fba80000, 0x00000007c0000000)
  eden space 1897472K, 0% used [0x000000066ab00000,0x000000066ab00000,0x00000006de800000)
  from space 178688K, 99% used [0x00000006ebd80000,0x00000006f6bfd330,0x00000006f6c00000)
  to   space 218624K, 0% used [0x00000006de800000,0x00000006de800000,0x00000006ebd80000)
 ParOldGen       total 1022464K, used 775171K [0x00000003c0000000, 0x00000003fe680000, 0x000000066ab00000)
  object space 1022464K, 75% used [0x00000003c0000000,0x00000003ef500cc0,0x00000003fe680000)
 Metaspace       used 107687K, capacity 111492K, committed 112000K, reserved 1146880K
  class space    used 13511K, capacity 14338K, committed 14464K, reserved 1048576K
}
Event: 5311.568 GC heap before
{Heap before GC invocations=50 (full 7):
 PSYoungGen      total 2076160K, used 2076148K [0x000000066ab00000, 0x00000006fba80000, 0x00000007c0000000)
  eden space 1897472K, 100% used [0x000000066ab00000,0x00000006de800000,0x00000006de800000)
  from space 178688K, 99% used [0x00000006ebd80000,0x00000006f6bfd330,0x00000006f6c00000)
  to   space 218624K, 0% used [0x00000006de800000,0x00000006de800000,0x00000006ebd80000)
 ParOldGen       total 1022464K, used 775171K [0x00000003c0000000, 0x00000003fe680000, 0x000000066ab00000)
  object space 1022464K, 75% used [0x00000003c0000000,0x00000003ef500cc0,0x00000003fe680000)
 Metaspace       used 107687K, capacity 111492K, committed 112000K, reserved 1146880K
  class space    used 13511K, capacity 14338K, committed 14464K, reserved 1048576K
Event: 5312.325 GC heap after
Heap after GC invocations=50 (full 7):
 PSYoungGen      total 2116096K, used 218617K [0x000000066ab00000, 0x000000070cc00000, 0x00000007c0000000)
  eden space 1897472K, 0% used [0x000000066ab00000,0x000000066ab00000,0x00000006de800000)
  from space 218624K, 99% used [0x00000006de800000,0x00000006ebd7e7a0,0x00000006ebd80000)
  to   space 309248K, 0% used [0x00000006f9e00000,0x00000006f9e00000,0x000000070cc00000)
 ParOldGen       total 1022464K, used 928507K [0x00000003c0000000, 0x00000003fe680000, 0x000000066ab00000)
  object space 1022464K, 90% used [0x00000003c0000000,0x00000003f8abecc0,0x00000003fe680000)
 Metaspace       used 107687K, capacity 111492K, committed 112000K, reserved 1146880K
  class space    used 13511K, capacity 14338K, committed 14464K, reserved 1048576K
}
Event: 5312.325 GC heap before
{Heap before GC invocations=51 (full 8):
 PSYoungGen      total 2116096K, used 218617K [0x000000066ab00000, 0x000000070cc00000, 0x00000007c0000000)
  eden space 1897472K, 0% used [0x000000066ab00000,0x000000066ab00000,0x00000006de800000)
  from space 218624K, 99% used [0x00000006de800000,0x00000006ebd7e7a0,0x00000006ebd80000)
  to   space 309248K, 0% used [0x00000006f9e00000,0x00000006f9e00000,0x000000070cc00000)
 ParOldGen       total 1022464K, used 928507K [0x00000003c0000000, 0x00000003fe680000, 0x000000066ab00000)
  object space 1022464K, 90% used [0x00000003c0000000,0x00000003f8abecc0,0x00000003fe680000)
 Metaspace       used 107687K, capacity 111492K, committed 112000K, reserved 1146880K
  class space    used 13511K, capacity 14338K, committed 14464K, reserved 1048576K
Event: 5313.656 GC heap after
Heap after GC invocations=51 (full 8):
 PSYoungGen      total 2116096K, used 0K [0x000000066ab00000, 0x000000070cc00000, 0x00000007c0000000)
  eden space 1897472K, 0% used [0x000000066ab00000,0x000000066ab00000,0x00000006de800000)
  from space 218624K, 0% used [0x00000006de800000,0x00000006de800000,0x00000006ebd80000)
  to   space 309248K, 0% used [0x00000006f9e00000,0x00000006f9e00000,0x000000070cc00000)
 ParOldGen       total 773632K, used 441677K [0x00000003c0000000, 0x00000003ef380000, 0x000000066ab00000)
  object space 773632K, 57% used [0x00000003c0000000,0x00000003daf536a8,0x00000003ef380000)
 Metaspace       used 107615K, capacity 111298K, committed 112000K, reserved 1146880K
  class space    used 13486K, capacity 14295K, committed 14464K, reserved 1048576K
}
Event: 5319.416 GC heap before
{Heap before GC invocations=52 (full 8):
 PSYoungGen      total 2116096K, used 1897472K [0x000000066ab00000, 0x000000070cc00000, 0x00000007c0000000)
  eden space 1897472K, 100% used [0x000000066ab00000,0x00000006de800000,0x00000006de800000)
  from space 218624K, 0% used [0x00000006de800000,0x00000006de800000,0x00000006ebd80000)
  to   space 309248K, 0% used [0x00000006f9e00000,0x00000006f9e00000,0x000000070cc00000)
 ParOldGen       total 773632K, used 441677K [0x00000003c0000000, 0x00000003ef380000, 0x000000066ab00000)
  object space 773632K, 57% used [0x00000003c0000000,0x00000003daf536a8,0x00000003ef380000)
 Metaspace       used 107615K, capacity 111298K, committed 112000K, reserved 1146880K
  class space    used 13486K, capacity 14295K, committed 14464K, reserved 1048576K
Event: 5319.749 GC heap after
Heap after GC invocations=52 (full 8):
 PSYoungGen      total 2339840K, used 190175K [0x000000066ab00000, 0x000000070ec80000, 0x00000007c0000000)
  eden space 2030592K, 0% used [0x000000066ab00000,0x000000066ab00000,0x00000006e6a00000)
  from space 309248K, 61% used [0x00000006f9e00000,0x00000007057b7e80,0x000000070cc00000)
  to   space 315392K, 0% used [0x00000006e6a00000,0x00000006e6a00000,0x00000006f9e00000)
 ParOldGen       total 773632K, used 441677K [0x00000003c0000000, 0x00000003ef380000, 0x000000066ab00000)
  object space 773632K, 57% used [0x00000003c0000000,0x00000003daf536a8,0x00000003ef380000)
 Metaspace       used 107615K, capacity 111298K, committed 112000K, reserved 1146880K
  class space    used 13486K, capacity 14295K, committed 14464K, reserved 1048576K
}
Event: 5325.783 GC heap before
{Heap before GC invocations=53 (full 8):
 PSYoungGen      total 2339840K, used 2220767K [0x000000066ab00000, 0x000000070ec80000, 0x00000007c0000000)
  eden space 2030592K, 100% used [0x000000066ab00000,0x00000006e6a00000,0x00000006e6a00000)
  from space 309248K, 61% used [0x00000006f9e00000,0x00000007057b7e80,0x000000070cc00000)
  to   space 315392K, 0% used [0x00000006e6a00000,0x00000006e6a00000,0x00000006f9e00000)
 ParOldGen       total 773632K, used 441677K [0x00000003c0000000, 0x00000003ef380000, 0x000000066ab00000)
  object space 773632K, 57% used [0x00000003c0000000,0x00000003daf536a8,0x00000003ef380000)
 Metaspace       used 107615K, capacity 111298K, committed 112000K, reserved 1146880K
  class space    used 13486K, capacity 14295K, committed 14464K, reserved 1048576K

