# JRE version: Java(TM) SE Runtime Environment (8.0_181-b13) (build 1.8.0_181-b13)
# Java VM: Java HotSpot(TM) 64-Bit Server VM (25.181-b13 mixed mode linux-amd64 compressed oops)
Heap:
 PSYoungGen      total 851968K, used 128K [0x000000066ab00000, 0x00000006a5300000, 0x00000007c0000000)
  eden space 754688K, 0% used [0x000000066ab00000,0x000000066ab00000,0x0000000698c00000)
  from space 97280K, 0% used [0x0000000698c00000,0x0000000698c20000,0x000000069eb00000)
  to   space 96768K, 0% used [0x000000069eb00000,0x000000069eb00000,0x00000006a4980000)
 ParOldGen       total 287744K, used 174768K [0x00000003c0000000, 0x00000003d1900000, 0x000000066ab00000)
  object space 287744K, 60% used [0x00000003c0000000,0x00000003caaac190,0x00000003d1900000)
 Metaspace       used 80583K, capacity 82686K, committed 83072K, reserved 1122304K
  class space    used 10576K, capacity 11089K, committed 11136K, reserved 1048576K
GC Heap History (10 events):
Event: 71.486 GC heap after
Heap after GC invocations=18 (full 3):
 PSYoungGen      total 504832K, used 58342K [0x000000066ab00000, 0x0000000699c00000, 0x00000007c0000000)
  eden space 446464K, 0% used [0x000000066ab00000,0x000000066ab00000,0x0000000685f00000)
  from space 58368K, 99% used [0x0000000685f00000,0x00000006897f9a50,0x0000000689800000)
  to   space 74752K, 0% used [0x0000000695300000,0x0000000695300000,0x0000000699c00000)
 ParOldGen       total 144896K, used 83364K [0x00000003c0000000, 0x00000003c8d80000, 0x000000066ab00000)
  object space 144896K, 57% used [0x00000003c0000000,0x00000003c5169258,0x00000003c8d80000)
 Metaspace       used 80516K, capacity 82588K, committed 82816K, reserved 1120256K
  class space    used 10568K, capacity 11080K, committed 11136K, reserved 1048576K
}
Event: 73.727 GC heap before
{Heap before GC invocations=19 (full 3):
 PSYoungGen      total 504832K, used 503793K [0x000000066ab00000, 0x0000000699c00000, 0x00000007c0000000)
  eden space 446464K, 99% used [0x000000066ab00000,0x0000000685e02d70,0x0000000685f00000)
  from space 58368K, 99% used [0x0000000685f00000,0x00000006897f9a50,0x0000000689800000)
  to   space 74752K, 0% used [0x0000000695300000,0x0000000695300000,0x0000000699c00000)
 ParOldGen       total 144896K, used 83364K [0x00000003c0000000, 0x00000003c8d80000, 0x000000066ab00000)
  object space 144896K, 57% used [0x00000003c0000000,0x00000003c5169258,0x00000003c8d80000)
 Metaspace       used 80572K, capacity 82686K, committed 83072K, reserved 1122304K
  class space    used 10576K, capacity 11089K, committed 11136K, reserved 1048576K
Event: 74.019 GC heap after
Heap after GC invocations=19 (full 3):
 PSYoungGen      total 668672K, used 74740K [0x000000066ab00000, 0x000000069e400000, 0x00000007c0000000)
  eden space 593920K, 0% used [0x000000066ab00000,0x000000066ab00000,0x000000068ef00000)
  from space 74752K, 99% used [0x0000000695300000,0x0000000699bfd3b8,0x0000000699c00000)
  to   space 102400K, 0% used [0x000000068ef00000,0x000000068ef00000,0x0000000695300000)
 ParOldGen       total 144896K, used 124324K [0x00000003c0000000, 0x00000003c8d80000, 0x000000066ab00000)
  object space 144896K, 85% used [0x00000003c0000000,0x00000003c7969190,0x00000003c8d80000)
 Metaspace       used 80572K, capacity 82686K, committed 83072K, reserved 1122304K
  class space    used 10576K, capacity 11089K, committed 11136K, reserved 1048576K
}
Event: 74.019 GC heap before
{Heap before GC invocations=20 (full 4):
 PSYoungGen      total 668672K, used 74740K [0x000000066ab00000, 0x000000069e400000, 0x00000007c0000000)
  eden space 593920K, 0% used [0x000000066ab00000,0x000000066ab00000,0x000000068ef00000)
  from space 74752K, 99% used [0x0000000695300000,0x0000000699bfd3b8,0x0000000699c00000)
  to   space 102400K, 0% used [0x000000068ef00000,0x000000068ef00000,0x0000000695300000)
 ParOldGen       total 144896K, used 124324K [0x00000003c0000000, 0x00000003c8d80000, 0x000000066ab00000)
  object space 144896K, 85% used [0x00000003c0000000,0x00000003c7969190,0x00000003c8d80000)
 Metaspace       used 80572K, capacity 82686K, committed 83072K, reserved 1122304K
  class space    used 10576K, capacity 11089K, committed 11136K, reserved 1048576K
Event: 75.342 GC heap after
Heap after GC invocations=20 (full 4):
 PSYoungGen      total 668672K, used 31296K [0x000000066ab00000, 0x000000069e400000, 0x00000007c0000000)
  eden space 593920K, 0% used [0x000000066ab00000,0x000000066ab00000,0x000000068ef00000)
  from space 74752K, 41% used [0x0000000695300000,0x0000000697190000,0x0000000699c00000)
  to   space 102400K, 0% used [0x000000068ef00000,0x000000068ef00000,0x0000000695300000)
 ParOldGen       total 287744K, used 143016K [0x00000003c0000000, 0x00000003d1900000, 0x000000066ab00000)
  object space 287744K, 49% used [0x00000003c0000000,0x00000003c8baa1e0,0x00000003d1900000)
 Metaspace       used 80572K, capacity 82686K, committed 83072K, reserved 1122304K
  class space    used 10576K, capacity 11089K, committed 11136K, reserved 1048576K
}
Event: 75.669 GC heap before
{Heap before GC invocations=21 (full 4):
 PSYoungGen      total 668672K, used 624417K [0x000000066ab00000, 0x000000069e400000, 0x00000007c0000000)
  eden space 593920K, 99% used [0x000000066ab00000,0x000000068ee38460,0x000000068ef00000)
  from space 74752K, 41% used [0x0000000695300000,0x0000000697190000,0x0000000699c00000)
  to   space 102400K, 0% used [0x000000068ef00000,0x000000068ef00000,0x0000000695300000)
 ParOldGen       total 287744K, used 143016K [0x00000003c0000000, 0x00000003d1900000, 0x000000066ab00000)
  object space 287744K, 49% used [0x00000003c0000000,0x00000003c8baa1e0,0x00000003d1900000)
 Metaspace       used 80583K, capacity 82686K, committed 83072K, reserved 1122304K
  class space    used 10576K, capacity 11089K, committed 11136K, reserved 1048576K
Event: 75.792 GC heap after
Heap after GC invocations=21 (full 4):
 PSYoungGen      total 696320K, used 31860K [0x000000066ab00000, 0x00000006a4980000, 0x00000007c0000000)
  eden space 593920K, 0% used [0x000000066ab00000,0x000000066ab00000,0x000000068ef00000)
  from space 102400K, 31% used [0x000000068ef00000,0x0000000690e1d370,0x0000000695300000)
  to   space 96768K, 0% used [0x000000069eb00000,0x000000069eb00000,0x00000006a4980000)
 ParOldGen       total 287744K, used 143104K [0x00000003c0000000, 0x00000003d1900000, 0x000000066ab00000)
  object space 287744K, 49% used [0x00000003c0000000,0x00000003c8bc01e0,0x00000003d1900000)
 Metaspace       used 80583K, capacity 82686K, committed 83072K, reserved 1122304K
  class space    used 10576K, capacity 11089K, committed 11136K, reserved 1048576K
}
Event: 76.095 GC heap before
{Heap before GC invocations=22 (full 4):
 PSYoungGen      total 696320K, used 625266K [0x000000066ab00000, 0x00000006a4980000, 0x00000007c0000000)
  eden space 593920K, 99% used [0x000000066ab00000,0x000000068ee7f7e0,0x000000068ef00000)
  from space 102400K, 31% used [0x000000068ef00000,0x0000000690e1d370,0x0000000695300000)
  to   space 96768K, 0% used [0x000000069eb00000,0x000000069eb00000,0x00000006a4980000)
 ParOldGen       total 287744K, used 143104K [0x00000003c0000000, 0x00000003d1900000, 0x000000066ab00000)
  object space 287744K, 49% used [0x00000003c0000000,0x00000003c8bc01e0,0x00000003d1900000)
 Metaspace       used 80583K, capacity 82686K, committed 83072K, reserved 1122304K
  class space    used 10576K, capacity 11089K, committed 11136K, reserved 1048576K
Event: 76.134 GC heap after
Heap after GC invocations=22 (full 4):
 PSYoungGen      total 851456K, used 160K [0x000000066ab00000, 0x00000006a5300000, 0x00000007c0000000)
  eden space 754688K, 0% used [0x000000066ab00000,0x000000066ab00000,0x0000000698c00000)
  from space 96768K, 0% used [0x000000069eb00000,0x000000069eb28000,0x00000006a4980000)
  to   space 97280K, 0% used [0x0000000698c00000,0x0000000698c00000,0x000000069eb00000)
 ParOldGen       total 287744K, used 174664K [0x00000003c0000000, 0x00000003d1900000, 0x000000066ab00000)
  object space 287744K, 60% used [0x00000003c0000000,0x00000003caa92190,0x00000003d1900000)
 Metaspace       used 80583K, capacity 82686K, committed 83072K, reserved 1122304K
  class space    used 10576K, capacity 11089K, committed 11136K, reserved 1048576K
}
Event: 76.600 GC heap before
{Heap before GC invocations=23 (full 4):
 PSYoungGen      total 851456K, used 754848K [0x000000066ab00000, 0x00000006a5300000, 0x00000007c0000000)
  eden space 754688K, 100% used [0x000000066ab00000,0x0000000698c00000,0x0000000698c00000)
  from space 96768K, 0% used [0x000000069eb00000,0x000000069eb28000,0x00000006a4980000)
  to   space 97280K, 0% used [0x0000000698c00000,0x0000000698c00000,0x000000069eb00000)
 ParOldGen       total 287744K, used 174664K [0x00000003c0000000, 0x00000003d1900000, 0x000000066ab00000)
  object space 287744K, 60% used [0x00000003c0000000,0x00000003caa92190,0x00000003d1900000)
 Metaspace       used 80583K, capacity 82686K, committed 83072K, reserved 1122304K
  class space    used 10576K, capacity 11089K, committed 11136K, reserved 1048576K

