# JRE version: Java(TM) SE Runtime Environment (8.0_181-b13) (build 1.8.0_181-b13)
# Java VM: Java HotSpot(TM) 64-Bit Server VM (25.181-b13 mixed mode linux-amd64 compressed oops)
Heap:
 PSYoungGen      total 1649664K, used 117805K [0x000000066ab00000, 0x00000006d6980000, 0x00000007c0000000)
  eden space 1531392K, 0% used [0x000000066ab00000,0x000000066ab00000,0x00000006c8280000)
  from space 118272K, 99% used [0x00000006c8280000,0x00000006cf58b648,0x00000006cf600000)
  to   space 103424K, 0% used [0x00000006d0480000,0x00000006d0480000,0x00000006d6980000)
 ParOldGen       total 432640K, used 223661K [0x00000003c0000000, 0x00000003da680000, 0x000000066ab00000)
  object space 432640K, 51% used [0x00000003c0000000,0x00000003cda6b478,0x00000003da680000)
 Metaspace       used 99440K, capacity 102364K, committed 102656K, reserved 1138688K
  class space    used 12654K, capacity 13266K, committed 13312K, reserved 1048576K
GC Heap History (10 events):
Event: 98.855 GC heap after
Heap after GC invocations=31 (full 5):
 PSYoungGen      total 1359360K, used 1536K [0x000000066ab00000, 0x00000006c6800000, 0x00000007c0000000)
  eden space 1209856K, 0% used [0x000000066ab00000,0x000000066ab00000,0x00000006b4880000)
  from space 149504K, 1% used [0x00000006bd500000,0x00000006bd680000,0x00000006c6700000)
  to   space 143872K, 0% used [0x00000006b4880000,0x00000006b4880000,0x00000006bd500000)
 ParOldGen       total 432640K, used 223645K [0x00000003c0000000, 0x00000003da680000, 0x000000066ab00000)
  object space 432640K, 51% used [0x00000003c0000000,0x00000003cda67478,0x00000003da680000)
 Metaspace       used 79869K, capacity 82040K, committed 82432K, reserved 1120256K
  class space    used 10473K, capacity 10966K, committed 11008K, reserved 1048576K
}
Event: 99.475 GC heap before
{Heap before GC invocations=32 (full 5):
 PSYoungGen      total 1359360K, used 1210399K [0x000000066ab00000, 0x00000006c6800000, 0x00000007c0000000)
  eden space 1209856K, 99% used [0x000000066ab00000,0x00000006b4787e58,0x00000006b4880000)
  from space 149504K, 1% used [0x00000006bd500000,0x00000006bd680000,0x00000006c6700000)
  to   space 143872K, 0% used [0x00000006b4880000,0x00000006b4880000,0x00000006bd500000)
 ParOldGen       total 432640K, used 223645K [0x00000003c0000000, 0x00000003da680000, 0x000000066ab00000)
  object space 432640K, 51% used [0x00000003c0000000,0x00000003cda67478,0x00000003da680000)
 Metaspace       used 79869K, capacity 82040K, committed 82432K, reserved 1120256K
  class space    used 10473K, capacity 10966K, committed 11008K, reserved 1048576K
Event: 99.487 GC heap after
Heap after GC invocations=32 (full 5):
 PSYoungGen      total 1353728K, used 1824K [0x000000066ab00000, 0x00000006cfb00000, 0x00000007c0000000)
  eden space 1209856K, 0% used [0x000000066ab00000,0x000000066ab00000,0x00000006b4880000)
  from space 143872K, 1% used [0x00000006b4880000,0x00000006b4a48000,0x00000006bd500000)
  to   space 138240K, 0% used [0x00000006c7400000,0x00000006c7400000,0x00000006cfb00000)
 ParOldGen       total 432640K, used 223645K [0x00000003c0000000, 0x00000003da680000, 0x000000066ab00000)
  object space 432640K, 51% used [0x00000003c0000000,0x00000003cda67478,0x00000003da680000)
 Metaspace       used 79869K, capacity 82040K, committed 82432K, reserved 1120256K
  class space    used 10473K, capacity 10966K, committed 11008K, reserved 1048576K
}
Event: 100.024 GC heap before
{Heap before GC invocations=33 (full 5):
 PSYoungGen      total 1353728K, used 1211016K [0x000000066ab00000, 0x00000006cfb00000, 0x00000007c0000000)
  eden space 1209856K, 99% used [0x000000066ab00000,0x00000006b47da220,0x00000006b4880000)
  from space 143872K, 1% used [0x00000006b4880000,0x00000006b4a48000,0x00000006bd500000)
  to   space 138240K, 0% used [0x00000006c7400000,0x00000006c7400000,0x00000006cfb00000)
 ParOldGen       total 432640K, used 223645K [0x00000003c0000000, 0x00000003da680000, 0x000000066ab00000)
  object space 432640K, 51% used [0x00000003c0000000,0x00000003cda67478,0x00000003da680000)
 Metaspace       used 79869K, capacity 82040K, committed 82432K, reserved 1120256K
  class space    used 10473K, capacity 10966K, committed 11008K, reserved 1048576K
Event: 100.036 GC heap after
Heap after GC invocations=33 (full 5):
 PSYoungGen      total 1505280K, used 2080K [0x000000066ab00000, 0x00000006cef80000, 0x00000007c0000000)
  eden space 1378816K, 0% used [0x000000066ab00000,0x000000066ab00000,0x00000006bed80000)
  from space 126464K, 1% used [0x00000006c7400000,0x00000006c7608000,0x00000006cef80000)
  to   space 132096K, 0% used [0x00000006bed80000,0x00000006bed80000,0x00000006c6e80000)
 ParOldGen       total 432640K, used 223645K [0x00000003c0000000, 0x00000003da680000, 0x000000066ab00000)
  object space 432640K, 51% used [0x00000003c0000000,0x00000003cda67478,0x00000003da680000)
 Metaspace       used 79869K, capacity 82040K, committed 82432K, reserved 1120256K
  class space    used 10473K, capacity 10966K, committed 11008K, reserved 1048576K
}
Event: 1127.703 GC heap before
{Heap before GC invocations=34 (full 5):
 PSYoungGen      total 1505280K, used 1380896K [0x000000066ab00000, 0x00000006cef80000, 0x00000007c0000000)
  eden space 1378816K, 100% used [0x000000066ab00000,0x00000006bed80000,0x00000006bed80000)
  from space 126464K, 1% used [0x00000006c7400000,0x00000006c7608000,0x00000006cef80000)
  to   space 132096K, 0% used [0x00000006bed80000,0x00000006bed80000,0x00000006c6e80000)
 ParOldGen       total 432640K, used 223645K [0x00000003c0000000, 0x00000003da680000, 0x000000066ab00000)
  object space 432640K, 51% used [0x00000003c0000000,0x00000003cda67478,0x00000003da680000)
 Metaspace       used 93219K, capacity 96050K, committed 96256K, reserved 1132544K
  class space    used 12090K, capacity 12714K, committed 12800K, reserved 1048576K
Event: 1127.759 GC heap after
Heap after GC invocations=34 (full 5):
 PSYoungGen      total 1510912K, used 23420K [0x000000066ab00000, 0x00000006d7c00000, 0x00000007c0000000)
  eden space 1378816K, 0% used [0x000000066ab00000,0x000000066ab00000,0x00000006bed80000)
  from space 132096K, 17% used [0x00000006bed80000,0x00000006c045f038,0x00000006c6e80000)
  to   space 122368K, 0% used [0x00000006d0480000,0x00000006d0480000,0x00000006d7c00000)
 ParOldGen       total 432640K, used 223653K [0x00000003c0000000, 0x00000003da680000, 0x000000066ab00000)
  object space 432640K, 51% used [0x00000003c0000000,0x00000003cda69478,0x00000003da680000)
 Metaspace       used 93219K, capacity 96050K, committed 96256K, reserved 1132544K
  class space    used 12090K, capacity 12714K, committed 12800K, reserved 1048576K
}
Event: 1139.399 GC heap before
{Heap before GC invocations=35 (full 5):
 PSYoungGen      total 1510912K, used 1402236K [0x000000066ab00000, 0x00000006d7c00000, 0x00000007c0000000)
  eden space 1378816K, 100% used [0x000000066ab00000,0x00000006bed80000,0x00000006bed80000)
  from space 132096K, 17% used [0x00000006bed80000,0x00000006c045f038,0x00000006c6e80000)
  to   space 122368K, 0% used [0x00000006d0480000,0x00000006d0480000,0x00000006d7c00000)
 ParOldGen       total 432640K, used 223653K [0x00000003c0000000, 0x00000003da680000, 0x000000066ab00000)
  object space 432640K, 51% used [0x00000003c0000000,0x00000003cda69478,0x00000003da680000)
 Metaspace       used 99430K, capacity 102296K, committed 102656K, reserved 1138688K
  class space    used 12652K, capacity 13264K, committed 13312K, reserved 1048576K
Event: 1139.505 GC heap after
Heap after GC invocations=35 (full 5):
 PSYoungGen      total 1634816K, used 41950K [0x000000066ab00000, 0x00000006d6980000, 0x00000007c0000000)
  eden space 1531392K, 0% used [0x000000066ab00000,0x000000066ab00000,0x00000006c8280000)
  from space 103424K, 40% used [0x00000006d0480000,0x00000006d2d77bf8,0x00000006d6980000)
  to   space 118272K, 0% used [0x00000006c8280000,0x00000006c8280000,0x00000006cf600000)
 ParOldGen       total 432640K, used 223661K [0x00000003c0000000, 0x00000003da680000, 0x000000066ab00000)
  object space 432640K, 51% used [0x00000003c0000000,0x00000003cda6b478,0x00000003da680000)
 Metaspace       used 99430K, capacity 102296K, committed 102656K, reserved 1138688K
  class space    used 12652K, capacity 13264K, committed 13312K, reserved 1048576K
}
Event: 1143.112 GC heap before
{Heap before GC invocations=36 (full 5):
 PSYoungGen      total 1634816K, used 1573342K [0x000000066ab00000, 0x00000006d6980000, 0x00000007c0000000)
  eden space 1531392K, 100% used [0x000000066ab00000,0x00000006c8280000,0x00000006c8280000)
  from space 103424K, 40% used [0x00000006d0480000,0x00000006d2d77bf8,0x00000006d6980000)
  to   space 118272K, 0% used [0x00000006c8280000,0x00000006c8280000,0x00000006cf600000)
 ParOldGen       total 432640K, used 223661K [0x00000003c0000000, 0x00000003da680000, 0x000000066ab00000)
  object space 432640K, 51% used [0x00000003c0000000,0x00000003cda6b478,0x00000003da680000)
 Metaspace       used 99440K, capacity 102364K, committed 102656K, reserved 1138688K
  class space    used 12654K, capacity 13266K, committed 13312K, reserved 1048576K

