# JRE version: Java(TM) SE Runtime Environment (8.0_181-b13) (build 1.8.0_181-b13)
# Java VM: Java HotSpot(TM) 64-Bit Server VM (25.181-b13 mixed mode linux-amd64 compressed oops)
Heap:
 PSYoungGen      total 465408K, used 62801K [0x000000066ab00000, 0x000000068db80000, 0x00000007c0000000)
  eden space 380928K, 0% used [0x000000066ab00000,0x000000066ab00000,0x0000000681f00000)
  from space 84480K, 74% used [0x0000000681f00000,0x0000000685c54768,0x0000000687180000)
  to   space 72704K, 0% used [0x0000000687180000,0x0000000687180000,0x000000068b880000)
 ParOldGen       total 314880K, used 159537K [0x00000003c0000000, 0x00000003d3380000, 0x000000066ab00000)
  object space 314880K, 50% used [0x00000003c0000000,0x00000003c9bcc6b8,0x00000003d3380000)
 Metaspace       used 79717K, capacity 81916K, committed 82176K, reserved 1120256K
  class space    used 10439K, capacity 10953K, committed 11008K, reserved 1048576K
GC Heap History (10 events):
Event: 57.322 GC heap after
Heap after GC invocations=14 (full 3):
 PSYoungGen      total 284672K, used 31762K [0x000000066ab00000, 0x0000000682080000, 0x00000007c0000000)
  eden space 251904K, 0% used [0x000000066ab00000,0x000000066ab00000,0x000000067a100000)
  from space 32768K, 96% used [0x000000067a100000,0x000000067c004820,0x000000067c100000)
  to   space 37376K, 0% used [0x000000067fc00000,0x000000067fc00000,0x0000000682080000)
 ParOldGen       total 160768K, used 46025K [0x00000003c0000000, 0x00000003c9d00000, 0x000000066ab00000)
  object space 160768K, 28% used [0x00000003c0000000,0x00000003c2cf2630,0x00000003c9d00000)
 Metaspace       used 77943K, capacity 79956K, committed 80384K, reserved 1118208K
  class space    used 10228K, capacity 10723K, committed 10752K, reserved 1048576K
}
Event: 59.894 GC heap before
{Heap before GC invocations=15 (full 3):
 PSYoungGen      total 284672K, used 283666K [0x000000066ab00000, 0x0000000682080000, 0x00000007c0000000)
  eden space 251904K, 100% used [0x000000066ab00000,0x000000067a100000,0x000000067a100000)
  from space 32768K, 96% used [0x000000067a100000,0x000000067c004820,0x000000067c100000)
  to   space 37376K, 0% used [0x000000067fc00000,0x000000067fc00000,0x0000000682080000)
 ParOldGen       total 160768K, used 47062K [0x00000003c0000000, 0x00000003c9d00000, 0x000000066ab00000)
  object space 160768K, 29% used [0x00000003c0000000,0x00000003c2df5a48,0x00000003c9d00000)
 Metaspace       used 79488K, capacity 81660K, committed 81920K, reserved 1120256K
  class space    used 10422K, capacity 10943K, committed 11008K, reserved 1048576K
Event: 60.011 GC heap after
Heap after GC invocations=15 (full 3):
 PSYoungGen      total 329728K, used 37369K [0x000000066ab00000, 0x0000000684c80000, 0x00000007c0000000)
  eden space 292352K, 0% used [0x000000066ab00000,0x000000066ab00000,0x000000067c880000)
  from space 37376K, 99% used [0x000000067fc00000,0x000000068207e448,0x0000000682080000)
  to   space 52736K, 0% used [0x000000067c880000,0x000000067c880000,0x000000067fc00000)
 ParOldGen       total 160768K, used 72878K [0x00000003c0000000, 0x00000003c9d00000, 0x000000066ab00000)
  object space 160768K, 45% used [0x00000003c0000000,0x00000003c472ba20,0x00000003c9d00000)
 Metaspace       used 79488K, capacity 81660K, committed 81920K, reserved 1120256K
  class space    used 10422K, capacity 10943K, committed 11008K, reserved 1048576K
}
Event: 61.518 GC heap before
{Heap before GC invocations=16 (full 3):
 PSYoungGen      total 329728K, used 329721K [0x000000066ab00000, 0x0000000684c80000, 0x00000007c0000000)
  eden space 292352K, 100% used [0x000000066ab00000,0x000000067c880000,0x000000067c880000)
  from space 37376K, 99% used [0x000000067fc00000,0x000000068207e448,0x0000000682080000)
  to   space 52736K, 0% used [0x000000067c880000,0x000000067c880000,0x000000067fc00000)
 ParOldGen       total 160768K, used 73237K [0x00000003c0000000, 0x00000003c9d00000, 0x000000066ab00000)
  object space 160768K, 45% used [0x00000003c0000000,0x00000003c4785400,0x00000003c9d00000)
 Metaspace       used 79489K, capacity 81660K, committed 81920K, reserved 1120256K
  class space    used 10422K, capacity 10943K, committed 11008K, reserved 1048576K
Event: 61.633 GC heap after
Heap after GC invocations=16 (full 3):
 PSYoungGen      total 345088K, used 52719K [0x000000066ab00000, 0x000000068b880000, 0x00000007c0000000)
  eden space 292352K, 0% used [0x000000066ab00000,0x000000066ab00000,0x000000067c880000)
  from space 52736K, 99% used [0x000000067c880000,0x000000067fbfbc00,0x000000067fc00000)
  to   space 72704K, 0% used [0x0000000687180000,0x0000000687180000,0x000000068b880000)
 ParOldGen       total 160768K, used 105176K [0x00000003c0000000, 0x00000003c9d00000, 0x000000066ab00000)
  object space 160768K, 65% used [0x00000003c0000000,0x00000003c66b6220,0x00000003c9d00000)
 Metaspace       used 79489K, capacity 81660K, committed 81920K, reserved 1120256K
  class space    used 10422K, capacity 10943K, committed 11008K, reserved 1048576K
}
Event: 63.614 GC heap before
{Heap before GC invocations=17 (full 3):
 PSYoungGen      total 345088K, used 345071K [0x000000066ab00000, 0x000000068b880000, 0x00000007c0000000)
  eden space 292352K, 100% used [0x000000066ab00000,0x000000067c880000,0x000000067c880000)
  from space 52736K, 99% used [0x000000067c880000,0x000000067fbfbc00,0x000000067fc00000)
  to   space 72704K, 0% used [0x0000000687180000,0x0000000687180000,0x000000068b880000)
 ParOldGen       total 160768K, used 111295K [0x00000003c0000000, 0x00000003c9d00000, 0x000000066ab00000)
  object space 160768K, 69% used [0x00000003c0000000,0x00000003c6cafe48,0x00000003c9d00000)
 Metaspace       used 79595K, capacity 81770K, committed 82176K, reserved 1120256K
  class space    used 10436K, capacity 10952K, committed 11008K, reserved 1048576K
Event: 63.786 GC heap after
Heap after GC invocations=17 (full 3):
 PSYoungGen      total 453632K, used 71402K [0x000000066ab00000, 0x000000068db80000, 0x00000007c0000000)
  eden space 380928K, 0% used [0x000000066ab00000,0x000000066ab00000,0x0000000681f00000)
  from space 72704K, 98% used [0x0000000687180000,0x000000068b73a9b0,0x000000068b880000)
  to   space 84480K, 0% used [0x0000000681f00000,0x0000000681f00000,0x0000000687180000)
 ParOldGen       total 160768K, used 111303K [0x00000003c0000000, 0x00000003c9d00000, 0x000000066ab00000)
  object space 160768K, 69% used [0x00000003c0000000,0x00000003c6cb1e48,0x00000003c9d00000)
 Metaspace       used 79595K, capacity 81770K, committed 82176K, reserved 1120256K
  class space    used 10436K, capacity 10952K, committed 11008K, reserved 1048576K
}
Event: 66.084 GC heap before
{Heap before GC invocations=18 (full 4):
 PSYoungGen      total 453632K, used 452330K [0x000000066ab00000, 0x000000068db80000, 0x00000007c0000000)
  eden space 380928K, 100% used [0x000000066ab00000,0x0000000681f00000,0x0000000681f00000)
  from space 72704K, 98% used [0x0000000687180000,0x000000068b73a9b0,0x000000068b880000)
  to   space 84480K, 0% used [0x0000000681f00000,0x0000000681f00000,0x0000000687180000)
 ParOldGen       total 160768K, used 138058K [0x00000003c0000000, 0x00000003c9d00000, 0x000000066ab00000)
  object space 160768K, 85% used [0x00000003c0000000,0x00000003c86d28d8,0x00000003c9d00000)
 Metaspace       used 79708K, capacity 81916K, committed 82176K, reserved 1120256K
  class space    used 10438K, capacity 10953K, committed 11008K, reserved 1048576K
Event: 67.013 GC heap after
Heap after GC invocations=18 (full 4):
 PSYoungGen      total 453632K, used 4659K [0x000000066ab00000, 0x000000068db80000, 0x00000007c0000000)
  eden space 380928K, 0% used [0x000000066ab00000,0x000000066ab00000,0x0000000681f00000)
  from space 72704K, 6% used [0x0000000687180000,0x000000068760cc90,0x000000068b880000)
  to   space 84480K, 0% used [0x0000000681f00000,0x0000000681f00000,0x0000000687180000)
 ParOldGen       total 314880K, used 159489K [0x00000003c0000000, 0x00000003d3380000, 0x000000066ab00000)
  object space 314880K, 50% used [0x00000003c0000000,0x00000003c9bc06b8,0x00000003d3380000)
 Metaspace       used 79708K, capacity 81916K, committed 82176K, reserved 1120256K
  class space    used 10438K, capacity 10953K, committed 11008K, reserved 1048576K
}
Event: 71.985 GC heap before
{Heap before GC invocations=19 (full 4):
 PSYoungGen      total 453632K, used 385587K [0x000000066ab00000, 0x000000068db80000, 0x00000007c0000000)
  eden space 380928K, 100% used [0x000000066ab00000,0x0000000681f00000,0x0000000681f00000)
  from space 72704K, 6% used [0x0000000687180000,0x000000068760cc90,0x000000068b880000)
  to   space 84480K, 0% used [0x0000000681f00000,0x0000000681f00000,0x0000000687180000)
 ParOldGen       total 314880K, used 159489K [0x00000003c0000000, 0x00000003d3380000, 0x000000066ab00000)
  object space 314880K, 50% used [0x00000003c0000000,0x00000003c9bc06b8,0x00000003d3380000)
 Metaspace       used 79717K, capacity 81916K, committed 82176K, reserved 1120256K
  class space    used 10439K, capacity 10953K, committed 11008K, reserved 1048576K

