# JRE version: Java(TM) SE Runtime Environment (8.0_181-b13) (build 1.8.0_181-b13)
# Java VM: Java HotSpot(TM) 64-Bit Server VM (25.181-b13 mixed mode linux-amd64 compressed oops)
Heap:
 PSYoungGen      total 838144K, used 128K [0x000000066ab00000, 0x00000006a2880000, 0x00000007c0000000)
  eden space 761856K, 0% used [0x000000066ab00000,0x000000066ab00000,0x0000000699300000)
  from space 76288K, 0% used [0x0000000699300000,0x0000000699320000,0x000000069dd80000)
  to   space 76800K, 0% used [0x000000069dd80000,0x000000069dd80000,0x00000006a2880000)
 ParOldGen       total 317440K, used 184980K [0x00000003c0000000, 0x00000003d3600000, 0x000000066ab00000)
  object space 317440K, 58% used [0x00000003c0000000,0x00000003cb4a5028,0x00000003d3600000)
 Metaspace       used 80523K, capacity 82616K, committed 83072K, reserved 1122304K
  class space    used 10569K, capacity 11087K, committed 11136K, reserved 1048576K
GC Heap History (10 events):
Event: 63.912 GC heap after
Heap after GC invocations=20 (full 4):
 PSYoungGen      total 540672K, used 9446K [0x000000066ab00000, 0x0000000694900000, 0x00000007c0000000)
  eden space 484352K, 0% used [0x000000066ab00000,0x000000066ab00000,0x0000000688400000)
  from space 56320K, 16% used [0x000000068d300000,0x000000068dc399e8,0x0000000690a00000)
  to   space 80896K, 0% used [0x0000000688400000,0x0000000688400000,0x000000068d300000)
 ParOldGen       total 317440K, used 158366K [0x00000003c0000000, 0x00000003d3600000, 0x000000066ab00000)
  object space 317440K, 49% used [0x00000003c0000000,0x00000003c9aa7b78,0x00000003d3600000)
 Metaspace       used 80466K, capacity 82518K, committed 82816K, reserved 1120256K
  class space    used 10561K, capacity 11078K, committed 11136K, reserved 1048576K
}
Event: 65.819 GC heap before
{Heap before GC invocations=21 (full 4):
 PSYoungGen      total 540672K, used 493526K [0x000000066ab00000, 0x0000000694900000, 0x00000007c0000000)
  eden space 484352K, 99% used [0x000000066ab00000,0x00000006883bc0a8,0x0000000688400000)
  from space 56320K, 16% used [0x000000068d300000,0x000000068dc399e8,0x0000000690a00000)
  to   space 80896K, 0% used [0x0000000688400000,0x0000000688400000,0x000000068d300000)
 ParOldGen       total 317440K, used 158366K [0x00000003c0000000, 0x00000003d3600000, 0x000000066ab00000)
  object space 317440K, 49% used [0x00000003c0000000,0x00000003c9aa7b78,0x00000003d3600000)
 Metaspace       used 80518K, capacity 82616K, committed 83072K, reserved 1122304K
  class space    used 10569K, capacity 11087K, committed 11136K, reserved 1048576K
Event: 65.933 GC heap after
Heap after GC invocations=21 (full 4):
 PSYoungGen      total 565248K, used 26526K [0x000000066ab00000, 0x0000000698d80000, 0x00000007c0000000)
  eden space 484352K, 0% used [0x000000066ab00000,0x000000066ab00000,0x0000000688400000)
  from space 80896K, 32% used [0x0000000688400000,0x0000000689de78d8,0x000000068d300000)
  to   space 76800K, 0% used [0x0000000694280000,0x0000000694280000,0x0000000698d80000)
 ParOldGen       total 317440K, used 158438K [0x00000003c0000000, 0x00000003d3600000, 0x000000066ab00000)
  object space 317440K, 49% used [0x00000003c0000000,0x00000003c9ab9b78,0x00000003d3600000)
 Metaspace       used 80518K, capacity 82616K, committed 83072K, reserved 1122304K
  class space    used 10569K, capacity 11087K, committed 11136K, reserved 1048576K
}
Event: 66.170 GC heap before
{Heap before GC invocations=22 (full 4):
 PSYoungGen      total 565248K, used 510045K [0x000000066ab00000, 0x0000000698d80000, 0x00000007c0000000)
  eden space 484352K, 99% used [0x000000066ab00000,0x000000068832fcf0,0x0000000688400000)
  from space 80896K, 32% used [0x0000000688400000,0x0000000689de78d8,0x000000068d300000)
  to   space 76800K, 0% used [0x0000000694280000,0x0000000694280000,0x0000000698d80000)
 ParOldGen       total 317440K, used 158438K [0x00000003c0000000, 0x00000003d3600000, 0x000000066ab00000)
  object space 317440K, 49% used [0x00000003c0000000,0x00000003c9ab9b78,0x00000003d3600000)
 Metaspace       used 80523K, capacity 82616K, committed 83072K, reserved 1122304K
  class space    used 10569K, capacity 11087K, committed 11136K, reserved 1048576K
Event: 66.207 GC heap after
Heap after GC invocations=22 (full 4):
 PSYoungGen      total 678400K, used 128K [0x000000066ab00000, 0x0000000699f80000, 0x00000007c0000000)
  eden space 601600K, 0% used [0x000000066ab00000,0x000000066ab00000,0x000000068f680000)
  from space 76800K, 0% used [0x0000000694280000,0x00000006942a0000,0x0000000698d80000)
  to   space 77824K, 0% used [0x000000068f680000,0x000000068f680000,0x0000000694280000)
 ParOldGen       total 317440K, used 184796K [0x00000003c0000000, 0x00000003d3600000, 0x000000066ab00000)
  object space 317440K, 58% used [0x00000003c0000000,0x00000003cb477028,0x00000003d3600000)
 Metaspace       used 80523K, capacity 82616K, committed 83072K, reserved 1122304K
  class space    used 10569K, capacity 11087K, committed 11136K, reserved 1048576K
}
Event: 66.523 GC heap before
{Heap before GC invocations=23 (full 4):
 PSYoungGen      total 678400K, used 601728K [0x000000066ab00000, 0x0000000699f80000, 0x00000007c0000000)
  eden space 601600K, 100% used [0x000000066ab00000,0x000000068f680000,0x000000068f680000)
  from space 76800K, 0% used [0x0000000694280000,0x00000006942a0000,0x0000000698d80000)
  to   space 77824K, 0% used [0x000000068f680000,0x000000068f680000,0x0000000694280000)
 ParOldGen       total 317440K, used 184796K [0x00000003c0000000, 0x00000003d3600000, 0x000000066ab00000)
  object space 317440K, 58% used [0x00000003c0000000,0x00000003cb477028,0x00000003d3600000)
 Metaspace       used 80523K, capacity 82616K, committed 83072K, reserved 1122304K
  class space    used 10569K, capacity 11087K, committed 11136K, reserved 1048576K
Event: 66.534 GC heap after
Heap after GC invocations=23 (full 4):
 PSYoungGen      total 679424K, used 128K [0x000000066ab00000, 0x00000006a2900000, 0x00000007c0000000)
  eden space 601600K, 0% used [0x000000066ab00000,0x000000066ab00000,0x000000068f680000)
  from space 77824K, 0% used [0x000000068f680000,0x000000068f6a0000,0x0000000694280000)
  to   space 77312K, 0% used [0x000000069dd80000,0x000000069dd80000,0x00000006a2900000)
 ParOldGen       total 317440K, used 184852K [0x00000003c0000000, 0x00000003d3600000, 0x000000066ab00000)
  object space 317440K, 58% used [0x00000003c0000000,0x00000003cb485028,0x00000003d3600000)
 Metaspace       used 80523K, capacity 82616K, committed 83072K, reserved 1122304K
  class space    used 10569K, capacity 11087K, committed 11136K, reserved 1048576K
}
Event: 66.833 GC heap before
{Heap before GC invocations=24 (full 4):
 PSYoungGen      total 679424K, used 601251K [0x000000066ab00000, 0x00000006a2900000, 0x00000007c0000000)
  eden space 601600K, 99% used [0x000000066ab00000,0x000000068f608cd8,0x000000068f680000)
  from space 77824K, 0% used [0x000000068f680000,0x000000068f6a0000,0x0000000694280000)
  to   space 77312K, 0% used [0x000000069dd80000,0x000000069dd80000,0x00000006a2900000)
 ParOldGen       total 317440K, used 184852K [0x00000003c0000000, 0x00000003d3600000, 0x000000066ab00000)
  object space 317440K, 58% used [0x00000003c0000000,0x00000003cb485028,0x00000003d3600000)
 Metaspace       used 80523K, capacity 82616K, committed 83072K, reserved 1122304K
  class space    used 10569K, capacity 11087K, committed 11136K, reserved 1048576K
Event: 66.855 GC heap after
Heap after GC invocations=24 (full 4):
 PSYoungGen      total 838656K, used 96K [0x000000066ab00000, 0x00000006a2880000, 0x00000007c0000000)
  eden space 761856K, 0% used [0x000000066ab00000,0x000000066ab00000,0x0000000699300000)
  from space 76800K, 0% used [0x000000069dd80000,0x000000069dd98000,0x00000006a2880000)
  to   space 76288K, 0% used [0x0000000699300000,0x0000000699300000,0x000000069dd80000)
 ParOldGen       total 317440K, used 184916K [0x00000003c0000000, 0x00000003d3600000, 0x000000066ab00000)
  object space 317440K, 58% used [0x00000003c0000000,0x00000003cb495028,0x00000003d3600000)
 Metaspace       used 80523K, capacity 82616K, committed 83072K, reserved 1122304K
  class space    used 10569K, capacity 11087K, committed 11136K, reserved 1048576K
}
Event: 67.437 GC heap before
{Heap before GC invocations=25 (full 4):
 PSYoungGen      total 838656K, used 761338K [0x000000066ab00000, 0x00000006a2880000, 0x00000007c0000000)
  eden space 761856K, 99% used [0x000000066ab00000,0x0000000699266aa8,0x0000000699300000)
  from space 76800K, 0% used [0x000000069dd80000,0x000000069dd98000,0x00000006a2880000)
  to   space 76288K, 0% used [0x0000000699300000,0x0000000699300000,0x000000069dd80000)
 ParOldGen       total 317440K, used 184916K [0x00000003c0000000, 0x00000003d3600000, 0x000000066ab00000)
  object space 317440K, 58% used [0x00000003c0000000,0x00000003cb495028,0x00000003d3600000)
 Metaspace       used 80523K, capacity 82616K, committed 83072K, reserved 1122304K
  class space    used 10569K, capacity 11087K, committed 11136K, reserved 1048576K

