# JRE version: Java(TM) SE Runtime Environment (8.0_181-b13) (build 1.8.0_181-b13)
# Java VM: Java HotSpot(TM) 64-Bit Server VM (25.181-b13 mixed mode linux-amd64 compressed oops)
Heap:
 PSYoungGen      total 417280K, used 82420K [0x000000066ab00000, 0x000000068aa80000, 0x00000007c0000000)
  eden space 334848K, 0% used [0x000000066ab00000,0x000000066ab00000,0x000000067f200000)
  from space 82432K, 99% used [0x000000067f200000,0x000000068427d270,0x0000000684280000)
  to   space 69632K, 0% used [0x0000000684280000,0x0000000684280000,0x0000000688680000)
 ParOldGen       total 159744K, used 129651K [0x00000003c0000000, 0x00000003c9c00000, 0x000000066ab00000)
  object space 159744K, 81% used [0x00000003c0000000,0x00000003c7e9cff8,0x00000003c9c00000)
 Metaspace       used 79602K, capacity 81710K, committed 81920K, reserved 1120256K
  class space    used 10439K, capacity 10952K, committed 11008K, reserved 1048576K
GC Heap History (10 events):
Event: 56.933 GC heap after
Heap after GC invocations=13 (full 3):
 PSYoungGen      total 259072K, used 23948K [0x000000066ab00000, 0x000000067ce80000, 0x00000007c0000000)
  eden space 228864K, 0% used [0x000000066ab00000,0x000000066ab00000,0x0000000678a80000)
  from space 30208K, 79% used [0x000000067aa00000,0x000000067c1630e8,0x000000067c780000)
  to   space 32256K, 0% used [0x0000000678a80000,0x0000000678a80000,0x000000067aa00000)
 ParOldGen       total 159744K, used 39898K [0x00000003c0000000, 0x00000003c9c00000, 0x000000066ab00000)
  object space 159744K, 24% used [0x00000003c0000000,0x00000003c26f68b0,0x00000003c9c00000)
 Metaspace       used 75342K, capacity 77332K, committed 77696K, reserved 1116160K
  class space    used 10050K, capacity 10559K, committed 10624K, reserved 1048576K
}
Event: 60.235 GC heap before
{Heap before GC invocations=14 (full 3):
 PSYoungGen      total 259072K, used 252812K [0x000000066ab00000, 0x000000067ce80000, 0x00000007c0000000)
  eden space 228864K, 100% used [0x000000066ab00000,0x0000000678a80000,0x0000000678a80000)
  from space 30208K, 79% used [0x000000067aa00000,0x000000067c1630e8,0x000000067c780000)
  to   space 32256K, 0% used [0x0000000678a80000,0x0000000678a80000,0x000000067aa00000)
 ParOldGen       total 159744K, used 39898K [0x00000003c0000000, 0x00000003c9c00000, 0x000000066ab00000)
  object space 159744K, 24% used [0x00000003c0000000,0x00000003c26f68b0,0x00000003c9c00000)
 Metaspace       used 77796K, capacity 79692K, committed 80128K, reserved 1118208K
  class space    used 10225K, capacity 10723K, committed 10752K, reserved 1048576K
Event: 60.327 GC heap after
Heap after GC invocations=14 (full 3):
 PSYoungGen      total 261120K, used 30431K [0x000000066ab00000, 0x000000067fe80000, 0x00000007c0000000)
  eden space 228864K, 0% used [0x000000066ab00000,0x000000066ab00000,0x0000000678a80000)
  from space 32256K, 94% used [0x0000000678a80000,0x000000067a837fa0,0x000000067aa00000)
  to   space 36352K, 0% used [0x000000067db00000,0x000000067db00000,0x000000067fe80000)
 ParOldGen       total 159744K, used 39906K [0x00000003c0000000, 0x00000003c9c00000, 0x000000066ab00000)
  object space 159744K, 24% used [0x00000003c0000000,0x00000003c26f88b0,0x00000003c9c00000)
 Metaspace       used 77796K, capacity 79692K, committed 80128K, reserved 1118208K
  class space    used 10225K, capacity 10723K, committed 10752K, reserved 1048576K
}
Event: 63.129 GC heap before
{Heap before GC invocations=15 (full 3):
 PSYoungGen      total 261120K, used 259295K [0x000000066ab00000, 0x000000067fe80000, 0x00000007c0000000)
  eden space 228864K, 100% used [0x000000066ab00000,0x0000000678a80000,0x0000000678a80000)
  from space 32256K, 94% used [0x0000000678a80000,0x000000067a837fa0,0x000000067aa00000)
  to   space 36352K, 0% used [0x000000067db00000,0x000000067db00000,0x000000067fe80000)
 ParOldGen       total 159744K, used 40950K [0x00000003c0000000, 0x00000003c9c00000, 0x000000066ab00000)
  object space 159744K, 25% used [0x00000003c0000000,0x00000003c27fda20,0x00000003c9c00000)
 Metaspace       used 79391K, capacity 81528K, committed 81920K, reserved 1120256K
  class space    used 10423K, capacity 10943K, committed 11008K, reserved 1048576K
Event: 63.245 GC heap after
Heap after GC invocations=15 (full 3):
 PSYoungGen      total 299008K, used 36325K [0x000000066ab00000, 0x0000000682080000, 0x00000007c0000000)
  eden space 262656K, 0% used [0x000000066ab00000,0x000000066ab00000,0x000000067ab80000)
  from space 36352K, 99% used [0x000000067db00000,0x000000067fe795c0,0x000000067fe80000)
  to   space 48640K, 0% used [0x000000067ab80000,0x000000067ab80000,0x000000067db00000)
 ParOldGen       total 159744K, used 58300K [0x00000003c0000000, 0x00000003c9c00000, 0x000000066ab00000)
  object space 159744K, 36% used [0x00000003c0000000,0x00000003c38ef0f8,0x00000003c9c00000)
 Metaspace       used 79391K, capacity 81528K, committed 81920K, reserved 1120256K
  class space    used 10423K, capacity 10943K, committed 11008K, reserved 1048576K
}
Event: 64.659 GC heap before
{Heap before GC invocations=16 (full 3):
 PSYoungGen      total 299008K, used 298981K [0x000000066ab00000, 0x0000000682080000, 0x00000007c0000000)
  eden space 262656K, 100% used [0x000000066ab00000,0x000000067ab80000,0x000000067ab80000)
  from space 36352K, 99% used [0x000000067db00000,0x000000067fe795c0,0x000000067fe80000)
  to   space 48640K, 0% used [0x000000067ab80000,0x000000067ab80000,0x000000067db00000)
 ParOldGen       total 159744K, used 61821K [0x00000003c0000000, 0x00000003c9c00000, 0x000000066ab00000)
  object space 159744K, 38% used [0x00000003c0000000,0x00000003c3c5f630,0x00000003c9c00000)
 Metaspace       used 79392K, capacity 81528K, committed 81920K, reserved 1120256K
  class space    used 10423K, capacity 10943K, committed 11008K, reserved 1048576K
Event: 64.782 GC heap after
Heap after GC invocations=16 (full 3):
 PSYoungGen      total 311296K, used 48632K [0x000000066ab00000, 0x0000000688680000, 0x00000007c0000000)
  eden space 262656K, 0% used [0x000000066ab00000,0x000000066ab00000,0x000000067ab80000)
  from space 48640K, 99% used [0x000000067ab80000,0x000000067dafe0c0,0x000000067db00000)
  to   space 69632K, 0% used [0x0000000684280000,0x0000000684280000,0x0000000688680000)
 ParOldGen       total 159744K, used 98422K [0x00000003c0000000, 0x00000003c9c00000, 0x000000066ab00000)
  object space 159744K, 61% used [0x00000003c0000000,0x00000003c601dbe0,0x00000003c9c00000)
 Metaspace       used 79392K, capacity 81528K, committed 81920K, reserved 1120256K
  class space    used 10423K, capacity 10943K, committed 11008K, reserved 1048576K
}
Event: 66.344 GC heap before
{Heap before GC invocations=17 (full 3):
 PSYoungGen      total 311296K, used 311288K [0x000000066ab00000, 0x0000000688680000, 0x00000007c0000000)
  eden space 262656K, 100% used [0x000000066ab00000,0x000000067ab80000,0x000000067ab80000)
  from space 48640K, 99% used [0x000000067ab80000,0x000000067dafe0c0,0x000000067db00000)
  to   space 69632K, 0% used [0x0000000684280000,0x0000000684280000,0x0000000688680000)
 ParOldGen       total 159744K, used 98505K [0x00000003c0000000, 0x00000003c9c00000, 0x000000066ab00000)
  object space 159744K, 61% used [0x00000003c0000000,0x00000003c6032570,0x00000003c9c00000)
 Metaspace       used 79510K, capacity 81642K, committed 81920K, reserved 1120256K
  class space    used 10438K, capacity 10952K, committed 11008K, reserved 1048576K
Event: 66.492 GC heap after
Heap after GC invocations=17 (full 3):
 PSYoungGen      total 404480K, used 69612K [0x000000066ab00000, 0x000000068aa80000, 0x00000007c0000000)
  eden space 334848K, 0% used [0x000000066ab00000,0x000000066ab00000,0x000000067f200000)
  from space 69632K, 99% used [0x0000000684280000,0x000000068867b040,0x0000000688680000)
  to   space 82432K, 0% used [0x000000067f200000,0x000000067f200000,0x0000000684280000)
 ParOldGen       total 159744K, used 100467K [0x00000003c0000000, 0x00000003c9c00000, 0x000000066ab00000)
  object space 159744K, 62% used [0x00000003c0000000,0x00000003c621cd88,0x00000003c9c00000)
 Metaspace       used 79510K, capacity 81642K, committed 81920K, reserved 1120256K
  class space    used 10438K, capacity 10952K, committed 11008K, reserved 1048576K
}
Event: 68.719 GC heap before
{Heap before GC invocations=18 (full 3):
 PSYoungGen      total 404480K, used 404460K [0x000000066ab00000, 0x000000068aa80000, 0x00000007c0000000)
  eden space 334848K, 100% used [0x000000066ab00000,0x000000067f200000,0x000000067f200000)
  from space 69632K, 99% used [0x0000000684280000,0x000000068867b040,0x0000000688680000)
  to   space 82432K, 0% used [0x000000067f200000,0x000000067f200000,0x0000000684280000)
 ParOldGen       total 159744K, used 109244K [0x00000003c0000000, 0x00000003c9c00000, 0x000000066ab00000)
  object space 159744K, 68% used [0x00000003c0000000,0x00000003c6aaf078,0x00000003c9c00000)
 Metaspace       used 79602K, capacity 81710K, committed 81920K, reserved 1120256K
  class space    used 10439K, capacity 10952K, committed 11008K, reserved 1048576K

