# JRE version: Java(TM) SE Runtime Environment (8.0_181-b13) (build 1.8.0_181-b13)
# Java VM: Java HotSpot(TM) 64-Bit Server VM (25.181-b13 mixed mode linux-amd64 compressed oops)
Heap:
 PSYoungGen      total 2207232K, used 224K [0x000000066ab00000, 0x00000006fc200000, 0x00000007c0000000)
  eden space 2031616K, 0% used [0x000000066ab00000,0x000000066ab00000,0x00000006e6b00000)
  from space 175616K, 0% used [0x00000006e6b00000,0x00000006e6b38000,0x00000006f1680000)
  to   space 159744K, 0% used [0x00000006f2600000,0x00000006f2600000,0x00000006fc200000)
 ParOldGen       total 402944K, used 286050K [0x00000003c0000000, 0x00000003d8980000, 0x000000066ab00000)
  object space 402944K, 70% used [0x00000003c0000000,0x00000003d1758b50,0x00000003d8980000)
 Metaspace       used 115765K, capacity 118904K, committed 119168K, reserved 1153024K
  class space    used 14444K, capacity 15157K, committed 15232K, reserved 1048576K
GC Heap History (10 events):
Event: 1629.159 GC heap after
Heap after GC invocations=35 (full 5):
 PSYoungGen      total 1686016K, used 74584K [0x000000066ab00000, 0x00000006dcf00000, 0x00000007c0000000)
  eden space 1553408K, 0% used [0x000000066ab00000,0x000000066ab00000,0x00000006c9800000)
  from space 132608K, 56% used [0x00000006d4d80000,0x00000006d9656148,0x00000006dcf00000)
  to   space 159232K, 0% used [0x00000006c9800000,0x00000006c9800000,0x00000006d3380000)
 ParOldGen       total 402944K, used 208250K [0x00000003c0000000, 0x00000003d8980000, 0x000000066ab00000)
  object space 402944K, 51% used [0x00000003c0000000,0x00000003ccb5e930,0x00000003d8980000)
 Metaspace       used 115733K, capacity 118836K, committed 119168K, reserved 1153024K
  class space    used 14440K, capacity 15155K, committed 15232K, reserved 1048576K
}
Event: 1636.720 GC heap before
{Heap before GC invocations=36 (full 5):
 PSYoungGen      total 1686016K, used 1627992K [0x000000066ab00000, 0x00000006dcf00000, 0x00000007c0000000)
  eden space 1553408K, 100% used [0x000000066ab00000,0x00000006c9800000,0x00000006c9800000)
  from space 132608K, 56% used [0x00000006d4d80000,0x00000006d9656148,0x00000006dcf00000)
  to   space 159232K, 0% used [0x00000006c9800000,0x00000006c9800000,0x00000006d3380000)
 ParOldGen       total 402944K, used 208250K [0x00000003c0000000, 0x00000003d8980000, 0x000000066ab00000)
  object space 402944K, 51% used [0x00000003c0000000,0x00000003ccb5e930,0x00000003d8980000)
 Metaspace       used 115765K, capacity 118904K, committed 119168K, reserved 1153024K
  class space    used 14444K, capacity 15157K, committed 15232K, reserved 1048576K
Event: 1636.877 GC heap after
Heap after GC invocations=36 (full 5):
 PSYoungGen      total 1712640K, used 128454K [0x000000066ab00000, 0x00000006ea400000, 0x00000007c0000000)
  eden space 1553408K, 0% used [0x000000066ab00000,0x000000066ab00000,0x00000006c9800000)
  from space 159232K, 80% used [0x00000006c9800000,0x00000006d1571970,0x00000006d3380000)
  to   space 180224K, 0% used [0x00000006df400000,0x00000006df400000,0x00000006ea400000)
 ParOldGen       total 402944K, used 208258K [0x00000003c0000000, 0x00000003d8980000, 0x000000066ab00000)
  object space 402944K, 51% used [0x00000003c0000000,0x00000003ccb60930,0x00000003d8980000)
 Metaspace       used 115765K, capacity 118904K, committed 119168K, reserved 1153024K
  class space    used 14444K, capacity 15157K, committed 15232K, reserved 1048576K
}
Event: 1637.402 GC heap before
{Heap before GC invocations=37 (full 5):
 PSYoungGen      total 1712640K, used 1681632K [0x000000066ab00000, 0x00000006ea400000, 0x00000007c0000000)
  eden space 1553408K, 99% used [0x000000066ab00000,0x00000006c97c66d8,0x00000006c9800000)
  from space 159232K, 80% used [0x00000006c9800000,0x00000006d1571970,0x00000006d3380000)
  to   space 180224K, 0% used [0x00000006df400000,0x00000006df400000,0x00000006ea400000)
 ParOldGen       total 402944K, used 208258K [0x00000003c0000000, 0x00000003d8980000, 0x000000066ab00000)
  object space 402944K, 51% used [0x00000003c0000000,0x00000003ccb60930,0x00000003d8980000)
 Metaspace       used 115765K, capacity 118904K, committed 119168K, reserved 1153024K
  class space    used 14444K, capacity 15157K, committed 15232K, reserved 1048576K
Event: 1637.627 GC heap after
Heap after GC invocations=37 (full 5):
 PSYoungGen      total 1898496K, used 114140K [0x000000066ab00000, 0x00000006f5d80000, 0x00000007c0000000)
  eden space 1718272K, 0% used [0x000000066ab00000,0x000000066ab00000,0x00000006d3900000)
  from space 180224K, 63% used [0x00000006df400000,0x00000006e63770a8,0x00000006ea400000)
  to   space 191488K, 0% used [0x00000006d3900000,0x00000006d3900000,0x00000006df400000)
 ParOldGen       total 402944K, used 208258K [0x00000003c0000000, 0x00000003d8980000, 0x000000066ab00000)
  object space 402944K, 51% used [0x00000003c0000000,0x00000003ccb60930,0x00000003d8980000)
 Metaspace       used 115765K, capacity 118904K, committed 119168K, reserved 1153024K
  class space    used 14444K, capacity 15157K, committed 15232K, reserved 1048576K
}
Event: 1638.252 GC heap before
{Heap before GC invocations=38 (full 5):
 PSYoungGen      total 1898496K, used 1831561K [0x000000066ab00000, 0x00000006f5d80000, 0x00000007c0000000)
  eden space 1718272K, 99% used [0x000000066ab00000,0x00000006d382b408,0x00000006d3900000)
  from space 180224K, 63% used [0x00000006df400000,0x00000006e63770a8,0x00000006ea400000)
  to   space 191488K, 0% used [0x00000006d3900000,0x00000006d3900000,0x00000006df400000)
 ParOldGen       total 402944K, used 208258K [0x00000003c0000000, 0x00000003d8980000, 0x000000066ab00000)
  object space 402944K, 51% used [0x00000003c0000000,0x00000003ccb60930,0x00000003d8980000)
 Metaspace       used 115765K, capacity 118904K, committed 119168K, reserved 1153024K
  class space    used 14444K, capacity 15157K, committed 15232K, reserved 1048576K
Event: 1638.348 GC heap after
Heap after GC invocations=38 (full 5):
 PSYoungGen      total 1909760K, used 57043K [0x000000066ab00000, 0x00000006fd500000, 0x00000007c0000000)
  eden space 1718272K, 0% used [0x000000066ab00000,0x000000066ab00000,0x00000006d3900000)
  from space 191488K, 29% used [0x00000006d3900000,0x00000006d70b4eb8,0x00000006df400000)
  to   space 179200K, 0% used [0x00000006f2600000,0x00000006f2600000,0x00000006fd500000)
 ParOldGen       total 402944K, used 239169K [0x00000003c0000000, 0x00000003d8980000, 0x000000066ab00000)
  object space 402944K, 59% used [0x00000003c0000000,0x00000003ce9904e8,0x00000003d8980000)
 Metaspace       used 115765K, capacity 118904K, committed 119168K, reserved 1153024K
  class space    used 14444K, capacity 15157K, committed 15232K, reserved 1048576K
}
Event: 1638.917 GC heap before
{Heap before GC invocations=39 (full 5):
 PSYoungGen      total 1909760K, used 1775315K [0x000000066ab00000, 0x00000006fd500000, 0x00000007c0000000)
  eden space 1718272K, 100% used [0x000000066ab00000,0x00000006d3900000,0x00000006d3900000)
  from space 191488K, 29% used [0x00000006d3900000,0x00000006d70b4eb8,0x00000006df400000)
  to   space 179200K, 0% used [0x00000006f2600000,0x00000006f2600000,0x00000006fd500000)
 ParOldGen       total 402944K, used 239169K [0x00000003c0000000, 0x00000003d8980000, 0x000000066ab00000)
  object space 402944K, 59% used [0x00000003c0000000,0x00000003ce9904e8,0x00000003d8980000)
 Metaspace       used 115765K, capacity 118904K, committed 119168K, reserved 1153024K
  class space    used 14444K, capacity 15157K, committed 15232K, reserved 1048576K
Event: 1638.943 GC heap after
Heap after GC invocations=39 (full 5):
 PSYoungGen      total 2191360K, used 352K [0x000000066ab00000, 0x00000006fc200000, 0x00000007c0000000)
  eden space 2031616K, 0% used [0x000000066ab00000,0x000000066ab00000,0x00000006e6b00000)
  from space 159744K, 0% used [0x00000006f2600000,0x00000006f2658000,0x00000006fc200000)
  to   space 175616K, 0% used [0x00000006e6b00000,0x00000006e6b00000,0x00000006f1680000)
 ParOldGen       total 402944K, used 285770K [0x00000003c0000000, 0x00000003d8980000, 0x000000066ab00000)
  object space 402944K, 70% used [0x00000003c0000000,0x00000003d1712b50,0x00000003d8980000)
 Metaspace       used 115765K, capacity 118904K, committed 119168K, reserved 1153024K
  class space    used 14444K, capacity 15157K, committed 15232K, reserved 1048576K
}
Event: 1639.709 GC heap before
{Heap before GC invocations=40 (full 5):
 PSYoungGen      total 2191360K, used 2031968K [0x000000066ab00000, 0x00000006fc200000, 0x00000007c0000000)
  eden space 2031616K, 100% used [0x000000066ab00000,0x00000006e6b00000,0x00000006e6b00000)
  from space 159744K, 0% used [0x00000006f2600000,0x00000006f2658000,0x00000006fc200000)
  to   space 175616K, 0% used [0x00000006e6b00000,0x00000006e6b00000,0x00000006f1680000)
 ParOldGen       total 402944K, used 285770K [0x00000003c0000000, 0x00000003d8980000, 0x000000066ab00000)
  object space 402944K, 70% used [0x00000003c0000000,0x00000003d1712b50,0x00000003d8980000)
 Metaspace       used 115765K, capacity 118904K, committed 119168K, reserved 1153024K
  class space    used 14444K, capacity 15157K, committed 15232K, reserved 1048576K

